iMPACT Version: Oct 13 2013 10:01:22

iMPACT log file Started on Fri Jan 17 13:16:28 2014

Preference Table
Name                 Setting             
StartupClock         Auto_Correction     
AutoSignature        False               
KeepSVF              False               
ConcurrentMode       False               
UseHighz             False               
ConfigOnFailure      Stop                
UserLevel            Novice              
MessageLevel         Detailed            
svfUseTime           false               
SpiByteSwap          Auto_Correction     
AutoInfer            false               
SvfPlayDisplayComments false               
INFO:iMPACT:1777 - 
   Reading D:/Xilinx/14.7/ISE_DS/ISE/xcfp/data/xcf08p.bsd...
INFO:iMPACT:501 - '1': Added Device XCF08P successfully.
----------------------------------------------------------------------
----------------------------------------------------------------------
INFO:iMPACT:1835 - Loading CFI file -- File ? --.cfi
Revision information not found, proceed with device default setting.
'1': Loading file 'esra_spartan6.mcs' ...
done.
INFO:iMPACT:1835 - Loading CFI file esra_spartan6.cfi
Revision information not found, proceed with device default setting.


'1': Putting device in ISP mode...done.
'1': Putting device in ISP mode...done.
done.
'1': Putting device in ISP mode...done.
'1': Putting device in ISP mode...done.
'1': Putting device in ISP mode...done.
'1': Programming revision selection to 0.
done.
'1': Putting device in ISP mode...done.
done.
done.
'1': Putting device in ISP mode...done.
done.
'1': Programming completed successfully.
'1': Programming completed successfully.
Elapsed time =      9 sec.


'1': Putting device in ISP mode...done.
'1': Putting device in ISP mode...done.
'1': Verifying device...
done.
'1': Verification completed.
Elapsed time =     11 sec.
